<?xml version="1.0" encoding="UTF-8"?>
<coverage generated="1710009037522" clover="3.2.0">
  <project timestamp="1710009037522" name="All files">
    <metrics statements="66" coveredstatements="66" conditionals="18" coveredconditionals="18" methods="9" coveredmethods="9" elements="93" coveredelements="93" complexity="0" loc="66" ncloc="66" packages="1" files="2" classes="2"/>
    <file name="linked-list.js" path="/Users/kimmykokonut/epicodus/computer-science/linked-lists/src/linked-list.js">
      <metrics statements="64" coveredstatements="64" conditionals="18" coveredconditionals="18" methods="8" coveredmethods="8"/>
      <line num="5" count="3" type="stmt"/>
      <line num="8" count="71" type="stmt"/>
      <line num="9" count="71" type="cond" truecount="2" falsecount="0"/>
      <line num="10" count="18" type="stmt"/>
      <line num="12" count="53" type="stmt"/>
      <line num="13" count="53" type="stmt"/>
      <line num="14" count="57" type="stmt"/>
      <line num="16" count="53" type="stmt"/>
      <line num="20" count="4" type="cond" truecount="2" falsecount="0"/>
      <line num="21" count="1" type="stmt"/>
      <line num="22" count="1" type="stmt"/>
      <line num="23" count="1" type="stmt"/>
      <line num="25" count="3" type="stmt"/>
      <line num="26" count="3" type="stmt"/>
      <line num="27" count="3" type="stmt"/>
      <line num="28" count="8" type="cond" truecount="2" falsecount="0"/>
      <line num="29" count="1" type="stmt"/>
      <line num="31" count="7" type="cond" truecount="2" falsecount="0"/>
      <line num="32" count="2" type="stmt"/>
      <line num="33" count="2" type="stmt"/>
      <line num="34" count="2" type="stmt"/>
      <line num="36" count="5" type="stmt"/>
      <line num="37" count="5" type="stmt"/>
      <line num="43" count="2" type="stmt"/>
      <line num="44" count="2" type="stmt"/>
      <line num="45" count="2" type="stmt"/>
      <line num="46" count="2" type="stmt"/>
      <line num="50" count="4" type="cond" truecount="2" falsecount="0"/>
      <line num="51" count="1" type="stmt"/>
      <line num="52" count="1" type="stmt"/>
      <line num="54" count="3" type="stmt"/>
      <line num="55" count="3" type="cond" truecount="2" falsecount="0"/>
      <line num="56" count="1" type="stmt"/>
      <line num="57" count="1" type="stmt"/>
      <line num="60" count="2" type="stmt"/>
      <line num="61" count="2" type="stmt"/>
      <line num="62" count="2" type="stmt"/>
      <line num="64" count="2" type="stmt"/>
      <line num="69" count="6" type="cond" truecount="2" falsecount="0"/>
      <line num="70" count="2" type="stmt"/>
      <line num="71" count="2" type="stmt"/>
      <line num="72" count="2" type="stmt"/>
      <line num="74" count="4" type="stmt"/>
      <line num="75" count="4" type="stmt"/>
      <line num="80" count="4" type="stmt"/>
      <line num="81" count="4" type="stmt"/>
      <line num="82" count="4" type="stmt"/>
      <line num="83" count="16" type="stmt"/>
      <line num="84" count="16" type="stmt"/>
      <line num="86" count="4" type="stmt"/>
      <line num="90" count="2" type="stmt"/>
      <line num="91" count="2" type="stmt"/>
      <line num="92" count="2" type="stmt"/>
      <line num="93" count="7" type="cond" truecount="2" falsecount="0"/>
      <line num="94" count="1" type="stmt"/>
      <line num="96" count="6" type="stmt"/>
      <line num="97" count="6" type="stmt"/>
      <line num="99" count="1" type="stmt"/>
      <line num="103" count="2" type="stmt"/>
      <line num="104" count="2" type="stmt"/>
      <line num="105" count="8" type="cond" truecount="2" falsecount="0"/>
      <line num="106" count="1" type="stmt"/>
      <line num="108" count="7" type="stmt"/>
      <line num="110" count="1" type="stmt"/>
    </file>
    <file name="node.js" path="/Users/kimmykokonut/epicodus/computer-science/linked-lists/src/node.js">
      <metrics statements="2" coveredstatements="2" conditionals="0" coveredconditionals="0" methods="1" coveredmethods="1"/>
      <line num="3" count="76" type="stmt"/>
      <line num="4" count="76" type="stmt"/>
    </file>
  </project>
</coverage>
