{"/Users/kimmykokonut/epicodus/computer-science/linked-lists/src/linked-list.js": {"path":"/Users/kimmykokonut/epicodus/computer-science/linked-lists/src/linked-list.js","statementMap":{"0":{"start":{"line":5,"column":4},"end":{"line":5,"column":21}},"1":{"start":{"line":8,"column":20},"end":{"line":8,"column":34}},"2":{"start":{"line":9,"column":4},"end":{"line":17,"column":5}},"3":{"start":{"line":10,"column":6},"end":{"line":10,"column":26}},"4":{"start":{"line":12,"column":24},"end":{"line":12,"column":33}},"5":{"start":{"line":13,"column":6},"end":{"line":15,"column":7}},"6":{"start":{"line":14,"column":8},"end":{"line":14,"column":39}},"7":{"start":{"line":16,"column":6},"end":{"line":16,"column":33}},"8":{"start":{"line":20,"column":4},"end":{"line":36,"column":5}},"9":{"start":{"line":21,"column":6},"end":{"line":21,"column":33}},"10":{"start":{"line":23,"column":24},"end":{"line":23,"column":33}},"11":{"start":{"line":24,"column":25},"end":{"line":24,"column":26}},"12":{"start":{"line":25,"column":6},"end":{"line":35,"column":7}},"13":{"start":{"line":26,"column":8},"end":{"line":28,"column":9}},"14":{"start":{"line":27,"column":10},"end":{"line":27,"column":20}},"15":{"start":{"line":29,"column":8},"end":{"line":32,"column":9}},"16":{"start":{"line":30,"column":10},"end":{"line":30,"column":51}},"17":{"start":{"line":31,"column":10},"end":{"line":31,"column":16}},"18":{"start":{"line":33,"column":8},"end":{"line":33,"column":39}},"19":{"start":{"line":34,"column":8},"end":{"line":34,"column":23}},"20":{"start":{"line":40,"column":20},"end":{"line":40,"column":34}},"21":{"start":{"line":41,"column":18},"end":{"line":41,"column":27}},"22":{"start":{"line":42,"column":4},"end":{"line":42,"column":27}},"23":{"start":{"line":43,"column":4},"end":{"line":43,"column":24}},"24":{"start":{"line":47,"column":4},"end":{"line":50,"column":5}},"25":{"start":{"line":48,"column":6},"end":{"line":48,"column":26}},"26":{"start":{"line":49,"column":6},"end":{"line":49,"column":13}},"27":{"start":{"line":54,"column":25},"end":{"line":54,"column":39}},"28":{"start":{"line":55,"column":22},"end":{"line":55,"column":31}},"29":{"start":{"line":56,"column":23},"end":{"line":56,"column":24}},"30":{"start":{"line":58,"column":4},"end":{"line":70,"column":5}},"31":{"start":{"line":59,"column":6},"end":{"line":62,"column":7}},"32":{"start":{"line":60,"column":8},"end":{"line":60,"column":39}},"33":{"start":{"line":63,"column":6},"end":{"line":67,"column":7}},"34":{"start":{"line":64,"column":8},"end":{"line":64,"column":45}},"35":{"start":{"line":65,"column":8},"end":{"line":65,"column":40}},"36":{"start":{"line":66,"column":8},"end":{"line":66,"column":14}},"37":{"start":{"line":68,"column":6},"end":{"line":68,"column":37}},"38":{"start":{"line":69,"column":6},"end":{"line":69,"column":21}},"39":{"start":{"line":73,"column":22},"end":{"line":73,"column":31}},"40":{"start":{"line":74,"column":16},"end":{"line":74,"column":17}},"41":{"start":{"line":75,"column":4},"end":{"line":78,"column":5}},"42":{"start":{"line":76,"column":6},"end":{"line":76,"column":15}},"43":{"start":{"line":77,"column":6},"end":{"line":77,"column":37}},"44":{"start":{"line":79,"column":4},"end":{"line":79,"column":17}}},"fnMap":{"0":{"name":"(anonymous_0)","decl":{"start":{"line":4,"column":2},"end":{"line":4,"column":3}},"loc":{"start":{"line":4,"column":16},"end":{"line":6,"column":3}},"line":4},"1":{"name":"(anonymous_1)","decl":{"start":{"line":7,"column":2},"end":{"line":7,"column":3}},"loc":{"start":{"line":7,"column":19},"end":{"line":18,"column":3}},"line":7},"2":{"name":"(anonymous_2)","decl":{"start":{"line":19,"column":2},"end":{"line":19,"column":3}},"loc":{"start":{"line":19,"column":24},"end":{"line":37,"column":3}},"line":19},"3":{"name":"(anonymous_3)","decl":{"start":{"line":39,"column":2},"end":{"line":39,"column":3}},"loc":{"start":{"line":39,"column":17},"end":{"line":44,"column":3}},"line":39},"4":{"name":"(anonymous_4)","decl":{"start":{"line":46,"column":2},"end":{"line":46,"column":3}},"loc":{"start":{"line":46,"column":29},"end":{"line":71,"column":3}},"line":46},"5":{"name":"(anonymous_5)","decl":{"start":{"line":72,"column":2},"end":{"line":72,"column":3}},"loc":{"start":{"line":72,"column":13},"end":{"line":80,"column":3}},"line":72},"6":{"name":"(anonymous_6)","decl":{"start":{"line":82,"column":2},"end":{"line":82,"column":3}},"loc":{"start":{"line":82,"column":13},"end":{"line":84,"column":3}},"line":82},"7":{"name":"(anonymous_7)","decl":{"start":{"line":85,"column":2},"end":{"line":85,"column":3}},"loc":{"start":{"line":85,"column":15},"end":{"line":87,"column":3}},"line":85},"8":{"name":"(anonymous_8)","decl":{"start":{"line":88,"column":2},"end":{"line":88,"column":3}},"loc":{"start":{"line":88,"column":10},"end":{"line":90,"column":3}},"line":88}},"branchMap":{"0":{"loc":{"start":{"line":9,"column":4},"end":{"line":17,"column":5}},"type":"if","locations":[{"start":{"line":9,"column":4},"end":{"line":17,"column":5}},{"start":{"line":9,"column":4},"end":{"line":17,"column":5}}],"line":9},"1":{"loc":{"start":{"line":20,"column":4},"end":{"line":36,"column":5}},"type":"if","locations":[{"start":{"line":20,"column":4},"end":{"line":36,"column":5}},{"start":{"line":20,"column":4},"end":{"line":36,"column":5}}],"line":20},"2":{"loc":{"start":{"line":26,"column":8},"end":{"line":28,"column":9}},"type":"if","locations":[{"start":{"line":26,"column":8},"end":{"line":28,"column":9}},{"start":{"line":26,"column":8},"end":{"line":28,"column":9}}],"line":26},"3":{"loc":{"start":{"line":29,"column":8},"end":{"line":32,"column":9}},"type":"if","locations":[{"start":{"line":29,"column":8},"end":{"line":32,"column":9}},{"start":{"line":29,"column":8},"end":{"line":32,"column":9}}],"line":29},"4":{"loc":{"start":{"line":47,"column":4},"end":{"line":50,"column":5}},"type":"if","locations":[{"start":{"line":47,"column":4},"end":{"line":50,"column":5}},{"start":{"line":47,"column":4},"end":{"line":50,"column":5}}],"line":47},"5":{"loc":{"start":{"line":59,"column":6},"end":{"line":62,"column":7}},"type":"if","locations":[{"start":{"line":59,"column":6},"end":{"line":62,"column":7}},{"start":{"line":59,"column":6},"end":{"line":62,"column":7}}],"line":59},"6":{"loc":{"start":{"line":63,"column":6},"end":{"line":67,"column":7}},"type":"if","locations":[{"start":{"line":63,"column":6},"end":{"line":67,"column":7}},{"start":{"line":63,"column":6},"end":{"line":67,"column":7}}],"line":63}},"s":{"0":3,"1":42,"2":42,"3":11,"4":31,"5":31,"6":33,"7":31,"8":3,"9":1,"10":2,"11":2,"12":2,"13":6,"14":1,"15":5,"16":1,"17":1,"18":4,"19":4,"20":2,"21":2,"22":2,"23":2,"24":2,"25":1,"26":1,"27":1,"28":1,"29":1,"30":1,"31":2,"32":0,"33":2,"34":1,"35":1,"36":1,"37":1,"38":1,"39":1,"40":1,"41":1,"42":4,"43":4,"44":1},"f":{"0":3,"1":42,"2":3,"3":2,"4":2,"5":1,"6":0,"7":0,"8":0},"b":{"0":[11,31],"1":[1,2],"2":[1,5],"3":[1,4],"4":[1,1],"5":[0,2],"6":[1,1]},"_coverageSchema":"43e27e138ebf9cfc5966b082cf9a028302ed4184","hash":"d90460dbb7c8ccdc5346e011d7495346cbc28eba"}
,"/Users/kimmykokonut/epicodus/computer-science/linked-lists/src/node.js": {"path":"/Users/kimmykokonut/epicodus/computer-science/linked-lists/src/node.js","statementMap":{"0":{"start":{"line":3,"column":4},"end":{"line":3,"column":21}},"1":{"start":{"line":4,"column":4},"end":{"line":4,"column":21}}},"fnMap":{"0":{"name":"(anonymous_0)","decl":{"start":{"line":2,"column":2},"end":{"line":2,"column":3}},"loc":{"start":{"line":2,"column":20},"end":{"line":5,"column":3}},"line":2}},"branchMap":{},"s":{"0":46,"1":46},"f":{"0":46},"b":{},"_coverageSchema":"43e27e138ebf9cfc5966b082cf9a028302ed4184","hash":"0dd022e43d612e419b8a659d1542ba9b051b341f"}
}
