{"/Users/kimmykokonut/epicodus/computer-science/linked-lists/src/linked-list.js": {"path":"/Users/kimmykokonut/epicodus/computer-science/linked-lists/src/linked-list.js","statementMap":{"0":{"start":{"line":5,"column":4},"end":{"line":5,"column":21}},"1":{"start":{"line":8,"column":20},"end":{"line":8,"column":34}},"2":{"start":{"line":9,"column":4},"end":{"line":17,"column":5}},"3":{"start":{"line":10,"column":6},"end":{"line":10,"column":26}},"4":{"start":{"line":12,"column":24},"end":{"line":12,"column":33}},"5":{"start":{"line":13,"column":6},"end":{"line":15,"column":7}},"6":{"start":{"line":14,"column":8},"end":{"line":14,"column":39}},"7":{"start":{"line":16,"column":6},"end":{"line":16,"column":33}},"8":{"start":{"line":20,"column":4},"end":{"line":39,"column":5}},"9":{"start":{"line":21,"column":21},"end":{"line":21,"column":30}},"10":{"start":{"line":22,"column":6},"end":{"line":22,"column":33}},"11":{"start":{"line":23,"column":6},"end":{"line":23,"column":25}},"12":{"start":{"line":25,"column":24},"end":{"line":25,"column":33}},"13":{"start":{"line":26,"column":25},"end":{"line":26,"column":26}},"14":{"start":{"line":27,"column":6},"end":{"line":38,"column":7}},"15":{"start":{"line":28,"column":8},"end":{"line":30,"column":9}},"16":{"start":{"line":29,"column":10},"end":{"line":29,"column":20}},"17":{"start":{"line":31,"column":8},"end":{"line":35,"column":9}},"18":{"start":{"line":32,"column":25},"end":{"line":32,"column":41}},"19":{"start":{"line":33,"column":10},"end":{"line":33,"column":51}},"20":{"start":{"line":34,"column":10},"end":{"line":34,"column":29}},"21":{"start":{"line":36,"column":8},"end":{"line":36,"column":39}},"22":{"start":{"line":37,"column":8},"end":{"line":37,"column":23}},"23":{"start":{"line":43,"column":20},"end":{"line":43,"column":34}},"24":{"start":{"line":44,"column":18},"end":{"line":44,"column":27}},"25":{"start":{"line":45,"column":4},"end":{"line":45,"column":27}},"26":{"start":{"line":46,"column":4},"end":{"line":46,"column":24}},"27":{"start":{"line":50,"column":4},"end":{"line":53,"column":5}},"28":{"start":{"line":51,"column":6},"end":{"line":51,"column":26}},"29":{"start":{"line":52,"column":6},"end":{"line":52,"column":13}},"30":{"start":{"line":54,"column":21},"end":{"line":54,"column":36}},"31":{"start":{"line":55,"column":4},"end":{"line":58,"column":5}},"32":{"start":{"line":56,"column":6},"end":{"line":56,"column":28}},"33":{"start":{"line":57,"column":6},"end":{"line":57,"column":13}},"34":{"start":{"line":60,"column":25},"end":{"line":60,"column":39}},"35":{"start":{"line":61,"column":22},"end":{"line":61,"column":31}},"36":{"start":{"line":62,"column":23},"end":{"line":62,"column":24}},"37":{"start":{"line":64,"column":4},"end":{"line":76,"column":5}},"38":{"start":{"line":69,"column":6},"end":{"line":73,"column":7}},"39":{"start":{"line":70,"column":8},"end":{"line":70,"column":45}},"40":{"start":{"line":71,"column":8},"end":{"line":71,"column":40}},"41":{"start":{"line":72,"column":8},"end":{"line":72,"column":14}},"42":{"start":{"line":74,"column":6},"end":{"line":74,"column":37}},"43":{"start":{"line":75,"column":6},"end":{"line":75,"column":21}},"44":{"start":{"line":80,"column":22},"end":{"line":80,"column":31}},"45":{"start":{"line":81,"column":16},"end":{"line":81,"column":17}},"46":{"start":{"line":82,"column":4},"end":{"line":85,"column":5}},"47":{"start":{"line":83,"column":6},"end":{"line":83,"column":15}},"48":{"start":{"line":84,"column":6},"end":{"line":84,"column":37}},"49":{"start":{"line":86,"column":4},"end":{"line":86,"column":17}},"50":{"start":{"line":90,"column":22},"end":{"line":90,"column":31}},"51":{"start":{"line":91,"column":21},"end":{"line":91,"column":22}},"52":{"start":{"line":92,"column":4},"end":{"line":98,"column":5}},"53":{"start":{"line":93,"column":6},"end":{"line":95,"column":7}},"54":{"start":{"line":94,"column":8},"end":{"line":94,"column":32}},"55":{"start":{"line":96,"column":6},"end":{"line":96,"column":37}},"56":{"start":{"line":97,"column":6},"end":{"line":97,"column":19}},"57":{"start":{"line":99,"column":4},"end":{"line":99,"column":14}},"58":{"start":{"line":103,"column":22},"end":{"line":103,"column":31}},"59":{"start":{"line":104,"column":4},"end":{"line":109,"column":5}},"60":{"start":{"line":105,"column":6},"end":{"line":107,"column":7}},"61":{"start":{"line":106,"column":8},"end":{"line":106,"column":20}},"62":{"start":{"line":108,"column":6},"end":{"line":108,"column":37}},"63":{"start":{"line":110,"column":4},"end":{"line":110,"column":14}}},"fnMap":{"0":{"name":"(anonymous_0)","decl":{"start":{"line":4,"column":2},"end":{"line":4,"column":3}},"loc":{"start":{"line":4,"column":16},"end":{"line":6,"column":3}},"line":4},"1":{"name":"(anonymous_1)","decl":{"start":{"line":7,"column":2},"end":{"line":7,"column":3}},"loc":{"start":{"line":7,"column":19},"end":{"line":18,"column":3}},"line":7},"2":{"name":"(anonymous_2)","decl":{"start":{"line":19,"column":2},"end":{"line":19,"column":3}},"loc":{"start":{"line":19,"column":24},"end":{"line":40,"column":3}},"line":19},"3":{"name":"(anonymous_3)","decl":{"start":{"line":42,"column":2},"end":{"line":42,"column":3}},"loc":{"start":{"line":42,"column":17},"end":{"line":47,"column":3}},"line":42},"4":{"name":"(anonymous_4)","decl":{"start":{"line":49,"column":2},"end":{"line":49,"column":3}},"loc":{"start":{"line":49,"column":29},"end":{"line":77,"column":3}},"line":49},"5":{"name":"(anonymous_5)","decl":{"start":{"line":79,"column":2},"end":{"line":79,"column":3}},"loc":{"start":{"line":79,"column":13},"end":{"line":87,"column":3}},"line":79},"6":{"name":"(anonymous_6)","decl":{"start":{"line":89,"column":2},"end":{"line":89,"column":3}},"loc":{"start":{"line":89,"column":13},"end":{"line":100,"column":3}},"line":89},"7":{"name":"(anonymous_7)","decl":{"start":{"line":102,"column":2},"end":{"line":102,"column":3}},"loc":{"start":{"line":102,"column":15},"end":{"line":111,"column":3}},"line":102}},"branchMap":{"0":{"loc":{"start":{"line":9,"column":4},"end":{"line":17,"column":5}},"type":"if","locations":[{"start":{"line":9,"column":4},"end":{"line":17,"column":5}},{"start":{"line":9,"column":4},"end":{"line":17,"column":5}}],"line":9},"1":{"loc":{"start":{"line":20,"column":4},"end":{"line":39,"column":5}},"type":"if","locations":[{"start":{"line":20,"column":4},"end":{"line":39,"column":5}},{"start":{"line":20,"column":4},"end":{"line":39,"column":5}}],"line":20},"2":{"loc":{"start":{"line":28,"column":8},"end":{"line":30,"column":9}},"type":"if","locations":[{"start":{"line":28,"column":8},"end":{"line":30,"column":9}},{"start":{"line":28,"column":8},"end":{"line":30,"column":9}}],"line":28},"3":{"loc":{"start":{"line":31,"column":8},"end":{"line":35,"column":9}},"type":"if","locations":[{"start":{"line":31,"column":8},"end":{"line":35,"column":9}},{"start":{"line":31,"column":8},"end":{"line":35,"column":9}}],"line":31},"4":{"loc":{"start":{"line":50,"column":4},"end":{"line":53,"column":5}},"type":"if","locations":[{"start":{"line":50,"column":4},"end":{"line":53,"column":5}},{"start":{"line":50,"column":4},"end":{"line":53,"column":5}}],"line":50},"5":{"loc":{"start":{"line":55,"column":4},"end":{"line":58,"column":5}},"type":"if","locations":[{"start":{"line":55,"column":4},"end":{"line":58,"column":5}},{"start":{"line":55,"column":4},"end":{"line":58,"column":5}}],"line":55},"6":{"loc":{"start":{"line":69,"column":6},"end":{"line":73,"column":7}},"type":"if","locations":[{"start":{"line":69,"column":6},"end":{"line":73,"column":7}},{"start":{"line":69,"column":6},"end":{"line":73,"column":7}}],"line":69},"7":{"loc":{"start":{"line":93,"column":6},"end":{"line":95,"column":7}},"type":"if","locations":[{"start":{"line":93,"column":6},"end":{"line":95,"column":7}},{"start":{"line":93,"column":6},"end":{"line":95,"column":7}}],"line":93},"8":{"loc":{"start":{"line":105,"column":6},"end":{"line":107,"column":7}},"type":"if","locations":[{"start":{"line":105,"column":6},"end":{"line":107,"column":7}},{"start":{"line":105,"column":6},"end":{"line":107,"column":7}}],"line":105}},"s":{"0":3,"1":71,"2":71,"3":18,"4":53,"5":53,"6":57,"7":53,"8":4,"9":1,"10":1,"11":1,"12":3,"13":3,"14":3,"15":8,"16":1,"17":7,"18":2,"19":2,"20":2,"21":5,"22":5,"23":2,"24":2,"25":2,"26":2,"27":4,"28":1,"29":1,"30":3,"31":3,"32":1,"33":1,"34":2,"35":2,"36":2,"37":2,"38":6,"39":2,"40":2,"41":2,"42":4,"43":4,"44":4,"45":4,"46":4,"47":16,"48":16,"49":4,"50":2,"51":2,"52":2,"53":7,"54":1,"55":6,"56":6,"57":1,"58":2,"59":2,"60":8,"61":1,"62":7,"63":1},"f":{"0":3,"1":71,"2":4,"3":2,"4":4,"5":4,"6":2,"7":2},"b":{"0":[18,53],"1":[1,3],"2":[1,7],"3":[2,5],"4":[1,3],"5":[1,2],"6":[2,4],"7":[1,6],"8":[1,7]},"_coverageSchema":"43e27e138ebf9cfc5966b082cf9a028302ed4184","hash":"2c0ba93ee784cd45206098be20d220f079f85f8a"}
,"/Users/kimmykokonut/epicodus/computer-science/linked-lists/src/node.js": {"path":"/Users/kimmykokonut/epicodus/computer-science/linked-lists/src/node.js","statementMap":{"0":{"start":{"line":3,"column":4},"end":{"line":3,"column":21}},"1":{"start":{"line":4,"column":4},"end":{"line":4,"column":21}}},"fnMap":{"0":{"name":"(anonymous_0)","decl":{"start":{"line":2,"column":2},"end":{"line":2,"column":3}},"loc":{"start":{"line":2,"column":20},"end":{"line":5,"column":3}},"line":2}},"branchMap":{},"s":{"0":76,"1":76},"f":{"0":76},"b":{},"_coverageSchema":"43e27e138ebf9cfc5966b082cf9a028302ed4184","hash":"0dd022e43d612e419b8a659d1542ba9b051b341f"}
}
