TN:
SF:/Users/kimmykokonut/epicodus/computer-science/linked-lists/src/linked-list.js
FN:4,(anonymous_0)
FN:7,(anonymous_1)
FN:19,(anonymous_2)
FN:39,(anonymous_3)
FN:46,(anonymous_4)
FN:49,(anonymous_5)
FN:52,(anonymous_6)
FN:55,(anonymous_7)
FNF:8
FNH:4
FNDA:3,(anonymous_0)
FNDA:30,(anonymous_1)
FNDA:3,(anonymous_2)
FNDA:1,(anonymous_3)
FNDA:0,(anonymous_4)
FNDA:0,(anonymous_5)
FNDA:0,(anonymous_6)
FNDA:0,(anonymous_7)
DA:5,3
DA:8,30
DA:9,30
DA:10,8
DA:12,22
DA:13,22
DA:14,24
DA:16,22
DA:20,3
DA:21,1
DA:23,2
DA:24,2
DA:25,2
DA:26,6
DA:27,1
DA:29,5
DA:30,1
DA:31,1
DA:33,4
DA:34,4
DA:40,1
DA:41,1
DA:42,1
DA:43,1
DA:44,1
LF:25
LH:25
BRDA:9,0,0,8
BRDA:9,0,1,22
BRDA:20,1,0,1
BRDA:20,1,1,2
BRDA:26,2,0,1
BRDA:26,2,1,5
BRDA:29,3,0,1
BRDA:29,3,1,4
BRF:8
BRH:8
end_of_record
TN:
SF:/Users/kimmykokonut/epicodus/computer-science/linked-lists/src/node.js
FN:2,(anonymous_0)
FNF:1
FNH:1
FNDA:32,(anonymous_0)
DA:3,32
DA:4,32
LF:2
LH:2
BRF:0
BRH:0
end_of_record
