TN:
SF:/Users/kimmykokonut/epicodus/computer-science/linked-lists/src/linked-list.js
FN:4,(anonymous_0)
FN:7,(anonymous_1)
FN:19,(anonymous_2)
FN:39,(anonymous_3)
FN:46,(anonymous_4)
FN:75,(anonymous_5)
FN:85,(anonymous_6)
FN:97,(anonymous_7)
FN:100,(anonymous_8)
FNF:9
FNH:7
FNDA:3,(anonymous_0)
FNDA:59,(anonymous_1)
FNDA:3,(anonymous_2)
FNDA:2,(anonymous_3)
FNDA:4,(anonymous_4)
FNDA:4,(anonymous_5)
FNDA:2,(anonymous_6)
FNDA:0,(anonymous_7)
FNDA:0,(anonymous_8)
DA:5,3
DA:8,59
DA:9,59
DA:10,15
DA:12,44
DA:13,44
DA:14,48
DA:16,44
DA:20,3
DA:21,1
DA:23,2
DA:24,2
DA:25,2
DA:26,6
DA:27,1
DA:29,5
DA:30,1
DA:31,1
DA:33,4
DA:34,4
DA:40,2
DA:41,2
DA:42,2
DA:43,2
DA:47,4
DA:48,1
DA:49,1
DA:51,3
DA:52,3
DA:53,1
DA:54,1
DA:57,2
DA:58,2
DA:59,2
DA:61,2
DA:66,6
DA:67,2
DA:68,2
DA:69,2
DA:71,4
DA:72,4
DA:76,4
DA:77,4
DA:78,4
DA:79,16
DA:80,16
DA:82,4
DA:86,2
DA:87,2
DA:88,2
DA:89,7
DA:90,1
DA:92,6
DA:93,6
DA:95,1
LF:55
LH:55
BRDA:9,0,0,15
BRDA:9,0,1,44
BRDA:20,1,0,1
BRDA:20,1,1,2
BRDA:26,2,0,1
BRDA:26,2,1,5
BRDA:29,3,0,1
BRDA:29,3,1,4
BRDA:47,4,0,1
BRDA:47,4,1,3
BRDA:52,5,0,1
BRDA:52,5,1,2
BRDA:66,6,0,2
BRDA:66,6,1,4
BRDA:89,7,0,1
BRDA:89,7,1,6
BRF:16
BRH:16
end_of_record
TN:
SF:/Users/kimmykokonut/epicodus/computer-science/linked-lists/src/node.js
FN:2,(anonymous_0)
FNF:1
FNH:1
FNDA:64,(anonymous_0)
DA:3,64
DA:4,64
LF:2
LH:2
BRF:0
BRH:0
end_of_record
